<?xml version="1.0" encoding="UTF-8"?>
<!-- Generated by org.testng.reporters.JUnitReportReporter -->
<testsuite skipped="0" hostname="LAPTOP-2M8PD0NB" name="Testcases.Loginapplication" tests="1" failures="0" timestamp="30 Oct 2018 03:00:54 GMT" time="61.389" errors="0">
  <testcase name="Login" time="61.389" classname="Testcases.Loginapplication"/>
</testsuite> <!-- Testcases.Loginapplication -->
